<?xml version="1.0" encoding="UTF-8"?>
<!-- Generated by org.testng.reporters.JUnitXMLReporter -->
<testsuite ignored="6" hostname="Arbazs-MBP.domain.name" failures="0" tests="1" name="Default test" time="11.58" errors="0" timestamp="2023-06-30T09:47:08 IST">
  <testcase classname="com.GeneralMathModule.ScientificNotationComponent" name="ConvertNumFromRegularToScientificNotation" time="6.09"/>
  <testcase classname="com.GeneralMathModule.ScientificNotationComponent" name="testMultiplyTwoNumWithTwoScientificNotation" time="0.0">
    <ignored/>
  </testcase> <!-- testMultiplyTwoNumWithTwoScientificNotation -->
  <testcase classname="com.GeneralMathModule.ScientificNotationComponent" name="testConvertNumFromScientificToRegularNotation" time="0.0">
    <ignored/>
  </testcase> <!-- testConvertNumFromScientificToRegularNotation -->
  <testcase classname="com.GeneralMathModule.ScientificNotationComponent" name="testDivideTwoNumOneOfThemIsScientificNotation2" time="0.0">
    <ignored/>
  </testcase> <!-- testDivideTwoNumOneOfThemIsScientificNotation2 -->
  <testcase classname="com.GeneralMathModule.ScientificNotationComponent" name="testMultiplyTwoNumWithSingleScientificNotation" time="0.0">
    <ignored/>
  </testcase> <!-- testMultiplyTwoNumWithSingleScientificNotation -->
  <testcase classname="com.GeneralMathModule.ScientificNotationComponent" name="testDivideTwoNumBothInScientificNotation" time="0.0">
    <ignored/>
  </testcase> <!-- testDivideTwoNumBothInScientificNotation -->
  <testcase classname="com.GeneralMathModule.ScientificNotationComponent" name="testDivideTwoNumOneOfThemIsScientificNotation" time="0.0">
    <ignored/>
  </testcase> <!-- testDivideTwoNumOneOfThemIsScientificNotation -->
</testsuite> <!-- Default test -->
