<?xml version="1.0" encoding="UTF-8"?>
<!-- Generated by org.testng.reporters.JUnitXMLReporter -->
<testsuite ignored="0" hostname="Arbazs-MBP.domain.name" failures="1" tests="9" name="Fractions" time="126.957" errors="0" timestamp="2023-07-01T20:55:36 IST">
  <testcase classname="com.GeneralMathModule.FractionComponent" name="testReduce" time="12.255"/>
  <testcase classname="com.GeneralMathModule.FractionComponent" name="testAddTwoFraction" time="12.032"/>
  <testcase classname="com.GeneralMathModule.FractionComponent" name="testAddMixedAndFractionNumber" time="6.536"/>
  <testcase classname="com.GeneralMathModule.FractionComponent" name="testAddTwoMixedNumber" time="9.282"/>
  <testcase classname="com.GeneralMathModule.FractionComponent" name="testSubtractTwoFraction" time="10.127"/>
  <testcase classname="com.GeneralMathModule.FractionComponent" name="testMultiplyTwoFraction" time="8.692"/>
  <testcase classname="com.GeneralMathModule.FractionComponent" name="testDivideTwoFraction" time="9.931"/>
  <testcase classname="com.GeneralMathModule.FractionComponent" name="testConvertImproperFractToMixedNum" time="8.777">
    <failure type="java.lang.AssertionError" message="expected [true] but found [false]">
      <![CDATA[java.lang.AssertionError: expected [true] but found [false]
at com.GeneralMathModule.FractionComponent.testConvertImproperFractToMixedNum(FractionComponent.java:492)
at java.base/java.util.ArrayList.forEach(ArrayList.java:1511)
... Removed 31 stack frames]]>
    </failure>
  </testcase> <!-- testConvertImproperFractToMixedNum -->
  <testcase classname="com.GeneralMathModule.FractionComponent" name="testMixedToImproperFractionNum" time="5.486"/>
</testsuite> <!-- Fractions -->
