<?xml version="1.0" encoding="UTF-8"?>
<!-- Generated by org.testng.reporters.JUnitXMLReporter -->
<testsuite ignored="0" hostname="Arbazs-MBP.domain.name" failures="0" tests="4" name="Numbers" time="43.541" errors="0" timestamp="2023-07-01T20:53:06 IST">
  <testcase classname="com.GeneralMathModule.NumbersComponent" name="testFactor" time="4.133"/>
  <testcase classname="com.GeneralMathModule.NumbersComponent" name="testGCF" time="8.306"/>
  <testcase classname="com.GeneralMathModule.NumbersComponent" name="testLCM" time="4.086"/>
  <testcase classname="com.GeneralMathModule.NumbersComponent" name="testPronouncing" time="5.427"/>
</testsuite> <!-- Numbers -->
