<?xml version="1.0" encoding="UTF-8"?>
<!-- Generated by org.testng.reporters.JUnitXMLReporter -->
<testsuite ignored="0" hostname="Arbazs-MBP.domain.name" failures="1" tests="7" name="Scientific Notation" time="88.856" errors="0" timestamp="2023-07-01T20:57:06 IST">
  <testcase classname="com.GeneralMathModule.ScientificNotationComponent" name="testMultiplyTwoNumWithTwoScientificNotation" time="7.201"/>
  <testcase classname="com.GeneralMathModule.ScientificNotationComponent" name="testMultiplyTwoNumWithSingleScientificNotation" time="6.081"/>
  <testcase classname="com.GeneralMathModule.ScientificNotationComponent" name="testDivideTwoNumBothInScientificNotation" time="5.31"/>
  <testcase classname="com.GeneralMathModule.ScientificNotationComponent" name="testDivideTwoNumOneOfThemIsScientificNotation" time="5.588">
    <failure type="java.lang.AssertionError" message="expected [true] but found [false]">
      <![CDATA[java.lang.AssertionError: expected [true] but found [false]
at com.GeneralMathModule.ScientificNotationComponent.testDivideTwoNumOneOfThemIsScientificNotation(ScientificNotationComponent.java:300)
at java.base/java.util.ArrayList.forEach(ArrayList.java:1511)
... Removed 31 stack frames]]>
    </failure>
  </testcase> <!-- testDivideTwoNumOneOfThemIsScientificNotation -->
  <testcase classname="com.GeneralMathModule.ScientificNotationComponent" name="testDivideTwoNumOneOfThemIsScientificNotation2" time="7.194"/>
  <testcase classname="com.GeneralMathModule.ScientificNotationComponent" name="testConvertNumFromScientificToRegularNotation" time="8.301"/>
  <testcase classname="com.GeneralMathModule.ScientificNotationComponent" name="ConvertNumFromRegularToScientificNotation" time="6.478"/>
</testsuite> <!-- Scientific Notation -->
