<?xml version="1.0" encoding="UTF-8"?>
<!-- Generated by org.testng.reporters.JUnitXMLReporter -->
<testsuite ignored="1" hostname="Arbazs-MBP.domain.name" failures="0" tests="3" name="Test" time="37.968" errors="0" timestamp="2023-06-28T12:51:33 IST">
  <testcase classname="com.GeneralMathModule.NumbersComponent" name="testGCF" time="7.853"/>
  <testcase classname="com.GeneralMathModule.NumbersComponent" name="testLCM" time="5.2"/>
  <testcase classname="com.GeneralMathModule.NumbersComponent" name="testPronouncing" time="6.598"/>
  <testcase classname="com.GeneralMathModule.NumbersComponent" name="testFactor" time="0.0">
    <ignored/>
  </testcase> <!-- testFactor -->
</testsuite> <!-- Test -->
